# JRE version: OpenJDK Runtime Environment (17.0.6) (build 17.0.6+0-b2043.56-9586694)
# Java VM: OpenJDK 64-Bit Server VM (17.0.6+0-b2043.56-9586694, mixed mode, tiered, compressed oops, compressed class ptrs, g1 gc, windows-amd64)
GC Precious Log:
 CPUs: 8 total, 8 available
 Memory: 16222M
 Large Page Support: Disabled
 NUMA Support: Disabled
 Compressed Oops: Enabled (32-bit)
 Heap Region Size: 1M
 Heap Min Capacity: 8M
 Heap Initial Capacity: 254M
 Heap Max Capacity: 2G
 Pre-touch: Disabled
 Parallel Workers: 8
 Concurrent Workers: 2
 Concurrent Refinement Workers: 8
 Periodic GC: Disabled
Heap:
 garbage-first heap   total 128000K, used 73737K [0x0000000080000000, 0x0000000100000000)
  region size 1024K, 21 young (21504K), 4 survivors (4096K)
 Metaspace       used 69248K, committed 69824K, reserved 1114112K
  class space    used 9148K, committed 9408K, reserved 1048576K
GC Heap History (20 events):
Event: 5.161 GC heap before
{Heap before GC invocations=13 (full 0):
 garbage-first heap   total 86016K, used 68620K [0x0000000080000000, 0x0000000100000000)
  region size 1024K, 33 young (33792K), 4 survivors (4096K)
 Metaspace       used 54155K, committed 54656K, reserved 1097728K
  class space    used 7147K, committed 7360K, reserved 1048576K
}
Event: 5.165 GC heap after
{Heap after GC invocations=14 (full 0):
 garbage-first heap   total 86016K, used 44937K [0x0000000080000000, 0x0000000100000000)
  region size 1024K, 5 young (5120K), 5 survivors (5120K)
 Metaspace       used 54155K, committed 54656K, reserved 1097728K
  class space    used 7147K, committed 7360K, reserved 1048576K
}
Event: 5.452 GC heap before
{Heap before GC invocations=14 (full 0):
 garbage-first heap   total 86016K, used 66441K [0x0000000080000000, 0x0000000100000000)
  region size 1024K, 26 young (26624K), 5 survivors (5120K)
 Metaspace       used 57767K, committed 58240K, reserved 1105920K
  class space    used 7590K, committed 7808K, reserved 1048576K
}
Event: 5.456 GC heap after
{Heap after GC invocations=15 (full 0):
 garbage-first heap   total 86016K, used 46306K [0x0000000080000000, 0x0000000100000000)
  region size 1024K, 1 young (1024K), 1 survivors (1024K)
 Metaspace       used 57767K, committed 58240K, reserved 1105920K
  class space    used 7590K, committed 7808K, reserved 1048576K
}
Event: 5.773 GC heap before
{Heap before GC invocations=16 (full 0):
 garbage-first heap   total 86016K, used 68834K [0x0000000080000000, 0x0000000100000000)
  region size 1024K, 23 young (23552K), 1 survivors (1024K)
 Metaspace       used 62093K, committed 62592K, reserved 1105920K
  class space    used 8190K, committed 8448K, reserved 1048576K
}
Event: 5.776 GC heap after
{Heap after GC invocations=17 (full 0):
 garbage-first heap   total 86016K, used 48714K [0x0000000080000000, 0x0000000100000000)
  region size 1024K, 3 young (3072K), 3 survivors (3072K)
 Metaspace       used 62093K, committed 62592K, reserved 1105920K
  class space    used 8190K, committed 8448K, reserved 1048576K
}
Event: 5.796 GC heap before
{Heap before GC invocations=17 (full 0):
 garbage-first heap   total 86016K, used 48714K [0x0000000080000000, 0x0000000100000000)
  region size 1024K, 4 young (4096K), 3 survivors (3072K)
 Metaspace       used 62145K, committed 62656K, reserved 1105920K
  class space    used 8196K, committed 8448K, reserved 1048576K
}
Event: 5.799 GC heap after
{Heap after GC invocations=18 (full 0):
 garbage-first heap   total 86016K, used 48931K [0x0000000080000000, 0x0000000100000000)
  region size 1024K, 1 young (1024K), 1 survivors (1024K)
 Metaspace       used 62145K, committed 62656K, reserved 1105920K
  class space    used 8196K, committed 8448K, reserved 1048576K
}
Event: 5.883 GC heap before
{Heap before GC invocations=19 (full 0):
 garbage-first heap   total 106496K, used 67363K [0x0000000080000000, 0x0000000100000000)
  region size 1024K, 14 young (14336K), 1 survivors (1024K)
 Metaspace       used 62386K, committed 62848K, reserved 1105920K
  class space    used 8220K, committed 8448K, reserved 1048576K
}
Event: 5.884 GC heap after
{Heap after GC invocations=20 (full 0):
 garbage-first heap   total 106496K, used 50553K [0x0000000080000000, 0x0000000100000000)
  region size 1024K, 2 young (2048K), 2 survivors (2048K)
 Metaspace       used 62386K, committed 62848K, reserved 1105920K
  class space    used 8220K, committed 8448K, reserved 1048576K
}
Event: 5.913 GC heap before
{Heap before GC invocations=20 (full 0):
 garbage-first heap   total 106496K, used 53625K [0x0000000080000000, 0x0000000100000000)
  region size 1024K, 5 young (5120K), 2 survivors (2048K)
 Metaspace       used 62741K, committed 63232K, reserved 1105920K
  class space    used 8293K, committed 8512K, reserved 1048576K
}
Event: 5.914 GC heap after
{Heap after GC invocations=21 (full 0):
 garbage-first heap   total 106496K, used 50098K [0x0000000080000000, 0x0000000100000000)
  region size 1024K, 1 young (1024K), 1 survivors (1024K)
 Metaspace       used 62741K, committed 63232K, reserved 1105920K
  class space    used 8293K, committed 8512K, reserved 1048576K
}
Event: 6.184 GC heap before
{Heap before GC invocations=21 (full 0):
 garbage-first heap   total 106496K, used 71602K [0x0000000080000000, 0x0000000100000000)
  region size 1024K, 22 young (22528K), 1 survivors (1024K)
 Metaspace       used 64896K, committed 65408K, reserved 1105920K
  class space    used 8540K, committed 8768K, reserved 1048576K
}
Event: 6.186 GC heap after
{Heap after GC invocations=22 (full 0):
 garbage-first heap   total 106496K, used 51357K [0x0000000080000000, 0x0000000100000000)
  region size 1024K, 2 young (2048K), 2 survivors (2048K)
 Metaspace       used 64896K, committed 65408K, reserved 1105920K
  class space    used 8540K, committed 8768K, reserved 1048576K
}
Event: 6.424 GC heap before
{Heap before GC invocations=23 (full 0):
 garbage-first heap   total 106496K, used 73885K [0x0000000080000000, 0x0000000100000000)
  region size 1024K, 24 young (24576K), 2 survivors (2048K)
 Metaspace       used 66844K, committed 67328K, reserved 1114112K
  class space    used 8775K, committed 9024K, reserved 1048576K
}
Event: 6.427 GC heap after
{Heap after GC invocations=24 (full 0):
 garbage-first heap   total 106496K, used 54188K [0x0000000080000000, 0x0000000100000000)
  region size 1024K, 3 young (3072K), 3 survivors (3072K)
 Metaspace       used 66844K, committed 67328K, reserved 1114112K
  class space    used 8775K, committed 9024K, reserved 1048576K
}
Event: 6.452 GC heap before
{Heap before GC invocations=24 (full 0):
 garbage-first heap   total 106496K, used 56236K [0x0000000080000000, 0x0000000100000000)
  region size 1024K, 5 young (5120K), 3 survivors (3072K)
 Metaspace       used 67044K, committed 67520K, reserved 1114112K
  class space    used 8813K, committed 9024K, reserved 1048576K
}
Event: 6.457 GC heap after
{Heap after GC invocations=25 (full 0):
 garbage-first heap   total 128000K, used 54721K [0x0000000080000000, 0x0000000100000000)
  region size 1024K, 1 young (1024K), 1 survivors (1024K)
 Metaspace       used 67044K, committed 67520K, reserved 1114112K
  class space    used 8813K, committed 9024K, reserved 1048576K
}
Event: 6.648 GC heap before
{Heap before GC invocations=25 (full 0):
 garbage-first heap   total 128000K, used 88513K [0x0000000080000000, 0x0000000100000000)
  region size 1024K, 34 young (34816K), 1 survivors (1024K)
 Metaspace       used 67300K, committed 67840K, reserved 1114112K
  class space    used 8866K, committed 9088K, reserved 1048576K
}
Event: 6.651 GC heap after
{Heap after GC invocations=26 (full 0):
 garbage-first heap   total 128000K, used 57353K [0x0000000080000000, 0x0000000100000000)
  region size 1024K, 4 young (4096K), 4 survivors (4096K)
 Metaspace       used 67300K, committed 67840K, reserved 1114112K
  class space    used 8866K, committed 9088K, reserved 1048576K
}

